<?xml version="1.0" encoding="UTF-8"?>
<!-- Generated by org.testng.reporters.JUnitXMLReporter -->
<testsuite hostname="Sarikas-MacBook-Pro.local" name="Default test" tests="2" failures="0" timestamp="10 Jun 2020 04:26:30 GMT" time="18.893" errors="0">
  <testcase name="verifyPage" time="1.403" classname="quickseries.testcases.ContactUsScenarios"/>
  <testcase name="TC_01_Display_Validation_Errors" time="6.001" classname="quickseries.testcases.ContactUsScenarios"/>
</testsuite> <!-- Default test -->
